#
# There is insufficient memory for the Java Runtime Environment to continue.
# Native memory allocation (malloc) failed to allocate 1749456 bytes for Chunk::new
# Possible reasons:
#   The system is out of physical RAM or swap space
#   In 32 bit mode, the process size limit was hit
# Possible solutions:
#   Reduce memory load on the system
#   Increase physical memory or swap space
#   Check if swap backing store is full
#   Use 64 bit Java on a 64 bit OS
#   Decrease Java heap size (-Xmx/-Xms)
#   Decrease number of Java threads
#   Decrease Java thread stack sizes (-Xss)
#   Set larger code cache with -XX:ReservedCodeCacheSize=
# This output file may be truncated or incomplete.
#
#  Out of Memory Error (allocation.cpp:390), pid=3496, tid=0x0000000000001bd8
#
# JRE version: Java(TM) SE Runtime Environment (8.0_144-b01) (build 1.8.0_144-b01)
# Java VM: Java HotSpot(TM) 64-Bit Server VM (25.144-b01 mixed mode windows-amd64 compressed oops)
# Failed to write core dump. Minidumps are not enabled by default on client versions of Windows
#

---------------  T H R E A D  ---------------

Current thread (0x00000000148e9000):  JavaThread "C2 CompilerThread1" daemon [_thread_in_native, id=7128, stack(0x0000000016030000,0x0000000016130000)]

Stack: [0x0000000016030000,0x0000000016130000]
[error occurred during error reporting (printing stack bounds), id 0xc0000005]

Native frames: (J=compiled Java code, j=interpreted, Vv=VM code, C=native code)


Current CompileTask:
C2:  37288 5377       4       org.springframework.transaction.interceptor.TransactionAttributeSourcePointcut::matches (41 bytes)


---------------  P R O C E S S  ---------------

Java Threads: ( => current thread )
  0x000000001ad90000 JavaThread "DestroyJavaVM" [_thread_blocked, id=4576, stack(0x0000000002f60000,0x0000000003060000)]
  0x000000001ad95800 JavaThread "http-nio-8080-AsyncTimeout" daemon [_thread_blocked, id=7828, stack(0x0000000020560000,0x0000000020660000)]
  0x000000001ad91000 JavaThread "http-nio-8080-Acceptor-0" daemon [_thread_in_native, id=8260, stack(0x0000000020460000,0x0000000020560000)]
  0x000000001ad91800 JavaThread "http-nio-8080-ClientPoller-1" daemon [_thread_in_native, id=5148, stack(0x0000000020360000,0x0000000020460000)]
  0x000000001ad8a000 JavaThread "http-nio-8080-ClientPoller-0" daemon [_thread_in_native, id=2100, stack(0x0000000020260000,0x0000000020360000)]
  0x000000001ad8f800 JavaThread "http-nio-8080-exec-10" daemon [_thread_blocked, id=6240, stack(0x0000000020160000,0x0000000020260000)]
  0x000000001ad8d000 JavaThread "http-nio-8080-exec-9" daemon [_thread_blocked, id=8104, stack(0x0000000020060000,0x0000000020160000)]
  0x000000001ad8c000 JavaThread "http-nio-8080-exec-8" daemon [_thread_blocked, id=6908, stack(0x000000001ff60000,0x0000000020060000)]
  0x000000001ad8a800 JavaThread "http-nio-8080-exec-7" daemon [_thread_blocked, id=3064, stack(0x000000001fe60000,0x000000001ff60000)]
  0x000000001ad8d800 JavaThread "http-nio-8080-exec-6" daemon [_thread_blocked, id=8772, stack(0x000000001fd60000,0x000000001fe60000)]
  0x000000001ad8e800 JavaThread "http-nio-8080-exec-5" daemon [_thread_in_Java, id=6984, stack(0x000000001fc60000,0x000000001fd60000)]
  0x000000001ad8b800 JavaThread "http-nio-8080-exec-4" daemon [_thread_blocked, id=10188, stack(0x000000001fb60000,0x000000001fc60000)]
  0x0000000017c2c000 JavaThread "http-nio-8080-exec-3" daemon [_thread_blocked, id=2204, stack(0x000000001fa60000,0x000000001fb60000)]
  0x0000000017c2b000 JavaThread "http-nio-8080-exec-2" daemon [_thread_blocked, id=3628, stack(0x000000001f960000,0x000000001fa60000)]
  0x0000000017c29000 JavaThread "http-nio-8080-exec-1" daemon [_thread_blocked, id=4108, stack(0x000000001f860000,0x000000001f960000)]
  0x0000000017c2a800 JavaThread "NioBlockingSelector.BlockPoller-1" daemon [_thread_in_native, id=5768, stack(0x000000001db20000,0x000000001dc20000)]
  0x0000000017c27800 JavaThread "Abandoned connection cleanup thread" daemon [_thread_blocked, id=1188, stack(0x000000001d420000,0x000000001d520000)]
  0x0000000017c2c800 JavaThread "Tomcat JDBC Pool Cleaner[705927765:1530467625083]" daemon [_thread_blocked, id=8752, stack(0x000000001d320000,0x000000001d420000)]
  0x0000000017c26800 JavaThread "container-0" [_thread_blocked, id=9032, stack(0x000000001cea0000,0x000000001cfa0000)]
  0x0000000017c2d800 JavaThread "ContainerBackgroundProcessor[StandardEngine[Tomcat]]" daemon [_thread_blocked, id=6960, stack(0x000000001cda0000,0x000000001cea0000)]
  0x0000000016262800 JavaThread "Service Thread" daemon [_thread_blocked, id=1912, stack(0x0000000016630000,0x0000000016730000)]
  0x00000000148f7800 JavaThread "C1 CompilerThread2" daemon [_thread_blocked, id=5628, stack(0x0000000016130000,0x0000000016230000)]
=>0x00000000148e9000 JavaThread "C2 CompilerThread1" daemon [_thread_in_native, id=7128, stack(0x0000000016030000,0x0000000016130000)]
  0x00000000148e6800 JavaThread "C2 CompilerThread0" daemon [_thread_blocked, id=9580, stack(0x0000000015f30000,0x0000000016030000)]
  0x00000000148e5000 JavaThread "Attach Listener" daemon [_thread_blocked, id=7856, stack(0x0000000015e30000,0x0000000015f30000)]
  0x00000000148e4000 JavaThread "Signal Dispatcher" daemon [_thread_blocked, id=7932, stack(0x0000000015d30000,0x0000000015e30000)]
  0x00000000148cf000 JavaThread "Finalizer" daemon [_thread_blocked, id=5400, stack(0x0000000015b30000,0x0000000015c30000)]
  0x0000000003157000 JavaThread "Reference Handler" daemon [_thread_blocked, id=10076, stack(0x0000000015a30000,0x0000000015b30000)]

Other Threads:
  0x00000000148a7000 VMThread [stack: 0x0000000015930000,0x0000000015a30000] [id=8532]
  0x0000000016267000 WatcherThread [stack: 0x0000000016730000,0x0000000016830000] [id=10044]

VM state:not at safepoint (normal execution)

VM Mutex/Monitor currently owned by a thread: None

Heap:
 PSYoungGen      total 152576K, used 8159K [0x00000000f2f00000, 0x0000000100000000, 0x0000000100000000)
  eden space 137216K, 5% used [0x00000000f2f00000,0x00000000f36f7fe8,0x00000000fb500000)
  from space 15360K, 0% used [0x00000000fb500000,0x00000000fb500000,0x00000000fc400000)
  to   space 14336K, 0% used [0x00000000ff200000,0x00000000ff200000,0x0000000100000000)
 ParOldGen       total 62464K, used 29393K [0x00000000d8c00000, 0x00000000dc900000, 0x00000000f2f00000)
  object space 62464K, 47% used [0x00000000d8c00000,0x00000000da8b4420,0x00000000dc900000)
 Metaspace       used 57648K, capacity 58118K, committed 58496K, reserved 1099776K
  class space    used 7435K, capacity 7550K, committed 7552K, reserved 1048576K

Card table byte_map: [0x0000000012520000,0x0000000012660000] byte_map_base: 0x0000000011e5a000

Marking Bits: (ParMarkBitMap*) 0x000000005658d850
 Begin Bits: [0x0000000012a60000, 0x0000000013430000)
 End Bits:   [0x0000000013430000, 0x0000000013e00000)

Polling page: 0x00000000016b0000

CodeCache: size=245760Kb used=17650Kb max_used=18347Kb free=228109Kb
 bounds [0x0000000003160000, 0x0000000004380000, 0x0000000012160000]
 total_blobs=5420 nmethods=4633 adapters=699
 compilation: enabled

Compilation events (10 events):
Event: 37.246 Thread 0x00000000148f7800 5509       1       sun.nio.ch.WindowsSelectorImpl::access$1500 (5 bytes)
Event: 37.246 Thread 0x00000000148f7800 nmethod 5509 0x0000000003bb07d0 code [0x0000000003bb0920, 0x0000000003bb0a10]
Event: 37.247 Thread 0x00000000148f7800 5510       1       org.apache.coyote.AsyncStateMachine$AsyncState::isAsync (5 bytes)
Event: 37.247 Thread 0x00000000148f7800 nmethod 5510 0x00000000033d3f90 code [0x00000000033d40e0, 0x00000000033d41f0]
Event: 37.264 Thread 0x00000000148f7800 5511       3       com.fasterxml.jackson.databind.introspect.AnnotationMap::get (21 bytes)
Event: 37.265 Thread 0x00000000148f7800 nmethod 5511 0x0000000003ae2c10 code [0x0000000003ae2d80, 0x0000000003ae30e8]
Event: 37.265 Thread 0x00000000148f7800 5512       3       com.fasterxml.jackson.databind.introspect.AnnotatedMember::getAnnotation (18 bytes)
Event: 37.266 Thread 0x00000000148f7800 nmethod 5512 0x00000000040c24d0 code [0x00000000040c2660, 0x00000000040c2b08]
Event: 37.270 Thread 0x00000000148f7800 5513       3       com.fasterxml.jackson.databind.AnnotationIntrospector::_findAnnotation (6 bytes)
Event: 37.270 Thread 0x00000000148f7800 nmethod 5513 0x00000000040c1d10 code [0x00000000040c1e80, 0x00000000040c20a8]

GC Heap History (10 events):
Event: 13.860 GC heap before
{Heap before GC invocations=14 (full 2):
 PSYoungGen      total 116736K, used 105984K [0x00000000f2f00000, 0x00000000fcf00000, 0x0000000100000000)
  eden space 105984K, 100% used [0x00000000f2f00000,0x00000000f9680000,0x00000000f9680000)
  from space 10752K, 0% used [0x00000000f9680000,0x00000000f9680000,0x00000000fa100000)
  to   space 11264K, 0% used [0x00000000fc400000,0x00000000fc400000,0x00000000fcf00000)
 ParOldGen       total 51200K, used 22962K [0x00000000d8c00000, 0x00000000dbe00000, 0x00000000f2f00000)
  object space 51200K, 44% used [0x00000000d8c00000,0x00000000da26cb78,0x00000000dbe00000)
 Metaspace       used 43616K, capacity 43978K, committed 44416K, reserved 1087488K
  class space    used 5642K, capacity 5742K, committed 5760K, reserved 1048576K
Event: 13.893 GC heap after
Heap after GC invocations=14 (full 2):
 PSYoungGen      total 147456K, used 11241K [0x00000000f2f00000, 0x00000000fcf00000, 0x0000000100000000)
  eden space 136192K, 0% used [0x00000000f2f00000,0x00000000f2f00000,0x00000000fb400000)
  from space 11264K, 99% used [0x00000000fc400000,0x00000000fcefa758,0x00000000fcf00000)
  to   space 12800K, 0% used [0x00000000fb600000,0x00000000fb600000,0x00000000fc280000)
 ParOldGen       total 51200K, used 22994K [0x00000000d8c00000, 0x00000000dbe00000, 0x00000000f2f00000)
  object space 51200K, 44% used [0x00000000d8c00000,0x00000000da274b78,0x00000000dbe00000)
 Metaspace       used 43616K, capacity 43978K, committed 44416K, reserved 1087488K
  class space    used 5642K, capacity 5742K, committed 5760K, reserved 1048576K
}
Event: 17.451 GC heap before
{Heap before GC invocations=15 (full 2):
 PSYoungGen      total 147456K, used 147433K [0x00000000f2f00000, 0x00000000fcf00000, 0x0000000100000000)
  eden space 136192K, 100% used [0x00000000f2f00000,0x00000000fb400000,0x00000000fb400000)
  from space 11264K, 99% used [0x00000000fc400000,0x00000000fcefa758,0x00000000fcf00000)
  to   space 12800K, 0% used [0x00000000fb600000,0x00000000fb600000,0x00000000fc280000)
 ParOldGen       total 51200K, used 22994K [0x00000000d8c00000, 0x00000000dbe00000, 0x00000000f2f00000)
  object space 51200K, 44% used [0x00000000d8c00000,0x00000000da274b78,0x00000000dbe00000)
 Metaspace       used 50256K, capacity 50714K, committed 51328K, reserved 1093632K
  class space    used 6546K, capacity 6662K, committed 6784K, reserved 1048576K
Event: 17.537 GC heap after
Heap after GC invocations=15 (full 2):
 PSYoungGen      total 148992K, used 11842K [0x00000000f2f00000, 0x00000000fcf00000, 0x0000000100000000)
  eden space 136192K, 0% used [0x00000000f2f00000,0x00000000f2f00000,0x00000000fb400000)
  from space 12800K, 92% used [0x00000000fb600000,0x00000000fc190b78,0x00000000fc280000)
  to   space 11264K, 0% used [0x00000000fc400000,0x00000000fc400000,0x00000000fcf00000)
 ParOldGen       total 51200K, used 26222K [0x00000000d8c00000, 0x00000000dbe00000, 0x00000000f2f00000)
  object space 51200K, 51% used [0x00000000d8c00000,0x00000000da59bbc8,0x00000000dbe00000)
 Metaspace       used 50256K, capacity 50714K, committed 51328K, reserved 1093632K
  class space    used 6546K, capacity 6662K, committed 6784K, reserved 1048576K
}
Event: 36.290 GC heap before
{Heap before GC invocations=16 (full 2):
 PSYoungGen      total 148992K, used 148034K [0x00000000f2f00000, 0x00000000fcf00000, 0x0000000100000000)
  eden space 136192K, 100% used [0x00000000f2f00000,0x00000000fb400000,0x00000000fb400000)
  from space 12800K, 92% used [0x00000000fb600000,0x00000000fc190b78,0x00000000fc280000)
  to   space 11264K, 0% used [0x00000000fc400000,0x00000000fc400000,0x00000000fcf00000)
 ParOldGen       total 51200K, used 26222K [0x00000000d8c00000, 0x00000000dbe00000, 0x00000000f2f00000)
  object space 51200K, 51% used [0x00000000d8c00000,0x00000000da59bbc8,0x00000000dbe00000)
 Metaspace       used 56909K, capacity 57414K, committed 57984K, reserved 1099776K
  class space    used 7351K, capacity 7486K, committed 7552K, reserved 1048576K
Event: 36.323 GC heap after
Heap after GC invocations=16 (full 2):
 PSYoungGen      total 148480K, used 10661K [0x00000000f2f00000, 0x00000000ff500000, 0x0000000100000000)
  eden space 137216K, 0% used [0x00000000f2f00000,0x00000000f2f00000,0x00000000fb500000)
  from space 11264K, 94% used [0x00000000fc400000,0x00000000fce69738,0x00000000fcf00000)
  to   space 15360K, 0% used [0x00000000fb500000,0x00000000fb500000,0x00000000fc400000)
 ParOldGen       total 51200K, used 30791K [0x00000000d8c00000, 0x00000000dbe00000, 0x00000000f2f00000)
  object space 51200K, 60% used [0x00000000d8c00000,0x00000000daa11e40,0x00000000dbe00000)
 Metaspace       used 56909K, capacity 57414K, committed 57984K, reserved 1099776K
  class space    used 7351K, capacity 7486K, committed 7552K, reserved 1048576K
}
Event: 36.510 GC heap before
{Heap before GC invocations=17 (full 2):
 PSYoungGen      total 148480K, used 12987K [0x00000000f2f00000, 0x00000000ff500000, 0x0000000100000000)
  eden space 137216K, 1% used [0x00000000f2f00000,0x00000000f31458b0,0x00000000fb500000)
  from space 11264K, 94% used [0x00000000fc400000,0x00000000fce69738,0x00000000fcf00000)
  to   space 15360K, 0% used [0x00000000fb500000,0x00000000fb500000,0x00000000fc400000)
 ParOldGen       total 51200K, used 30791K [0x00000000d8c00000, 0x00000000dbe00000, 0x00000000f2f00000)
  object space 51200K, 60% used [0x00000000d8c00000,0x00000000daa11e40,0x00000000dbe00000)
 Metaspace       used 57150K, capacity 57606K, committed 57984K, reserved 1099776K
  class space    used 7373K, capacity 7486K, committed 7552K, reserved 1048576K
Event: 36.528 GC heap after
Heap after GC invocations=17 (full 2):
 PSYoungGen      total 152576K, used 6467K [0x00000000f2f00000, 0x0000000100000000, 0x0000000100000000)
  eden space 137216K, 0% used [0x00000000f2f00000,0x00000000f2f00000,0x00000000fb500000)
  from space 15360K, 42% used [0x00000000fb500000,0x00000000fbb50ed0,0x00000000fc400000)
  to   space 14336K, 0% used [0x00000000ff200000,0x00000000ff200000,0x0000000100000000)
 ParOldGen       total 51200K, used 30799K [0x00000000d8c00000, 0x00000000dbe00000, 0x00000000f2f00000)
  object space 51200K, 60% used [0x00000000d8c00000,0x00000000daa13e40,0x00000000dbe00000)
 Metaspace       used 57150K, capacity 57606K, committed 57984K, reserved 1099776K
  class space    used 7373K, capacity 7486K, committed 7552K, reserved 1048576K
}
Event: 36.528 GC heap before
{Heap before GC invocations=18 (full 3):
 PSYoungGen      total 152576K, used 6467K [0x00000000f2f00000, 0x0000000100000000, 0x0000000100000000)
  eden space 137216K, 0% used [0x00000000f2f00000,0x00000000f2f00000,0x00000000fb500000)
  from space 15360K, 42% used [0x00000000fb500000,0x00000000fbb50ed0,0x00000000fc400000)
  to   space 14336K, 0% used [0x00000000ff200000,0x00000000ff200000,0x0000000100000000)
 ParOldGen       total 51200K, used 30799K [0x00000000d8c00000, 0x00000000dbe00000, 0x00000000f2f00000)
  object space 51200K, 60% used [0x00000000d8c00000,0x00000000daa13e40,0x00000000dbe00000)
 Metaspace       used 57150K, capacity 57606K, committed 57984K, reserved 1099776K
  class space    used 7373K, capacity 7486K, committed 7552K, reserved 1048576K
Event: 36.857 GC heap after
Heap after GC invocations=18 (full 3):
 PSYoungGen      total 152576K, used 0K [0x00000000f2f00000, 0x0000000100000000, 0x0000000100000000)
  eden space 137216K, 0% used [0x00000000f2f00000,0x00000000f2f00000,0x00000000fb500000)
  from space 15360K, 0% used [0x00000000fb500000,0x00000000fb500000,0x00000000fc400000)
  to   space 14336K, 0% used [0x00000000ff200000,0x00000000ff200000,0x0000000100000000)
 ParOldGen       total 62464K, used 29393K [0x00000000d8c00000, 0x00000000dc900000, 0x00000000f2f00000)
  object space 62464K, 47% used [0x00000000d8c00000,0x00000000da8b4420,0x00000000dc900000)
 Metaspace       used 57150K, capacity 57606K, committed 57984K, reserved 1099776K
  class space    used 7373K, capacity 7486K, committed 7552K, reserved 1048576K
}

Deoptimization events (10 events):
Event: 32.256 Thread 0x000000001ad8a800 Uncommon trap: reason=unstable_if action=reinterpret pc=0x000000000411007c method=java.lang.Package.getSystemPackage(Ljava/lang/String;)Ljava/lang/Package; @ 43
Event: 32.325 Thread 0x000000001ad8a800 Uncommon trap: reason=class_check action=maybe_recompile pc=0x00000000034e028c method=java.lang.Character.isWhitespace(I)Z @ 5
Event: 32.353 Thread 0x000000001ad8a800 Uncommon trap: reason=class_check action=maybe_recompile pc=0x00000000034e028c method=java.lang.Character.isWhitespace(I)Z @ 5
Event: 32.353 Thread 0x000000001ad8a800 Uncommon trap: reason=class_check action=maybe_recompile pc=0x00000000034e028c method=java.lang.Character.isWhitespace(I)Z @ 5
Event: 32.353 Thread 0x000000001ad8a800 Uncommon trap: reason=class_check action=maybe_recompile pc=0x00000000034e028c method=java.lang.Character.isWhitespace(I)Z @ 5
Event: 33.325 Thread 0x000000001ad8d800 Uncommon trap: reason=bimorphic action=maybe_recompile pc=0x0000000003374d88 method=java.nio.charset.CharsetDecoder.reset()Ljava/nio/charset/CharsetDecoder; @ 1
Event: 33.965 Thread 0x0000000017c29000 Uncommon trap: reason=bimorphic action=maybe_recompile pc=0x0000000003374d88 method=java.nio.charset.CharsetDecoder.reset()Ljava/nio/charset/CharsetDecoder; @ 1
Event: 35.981 Thread 0x000000001ad8d000 Uncommon trap: reason=bimorphic action=maybe_recompile pc=0x0000000003374d88 method=java.nio.charset.CharsetDecoder.reset()Ljava/nio/charset/CharsetDecoder; @ 1
Event: 35.982 Thread 0x000000001ad8d000 Uncommon trap: reason=unstable_if action=reinterpret pc=0x0000000003d2dd94 method=java.nio.Buffer.<init>(IIII)V @ 66
Event: 36.857 Thread 0x0000000003157000 Uncommon trap: reason=unstable_if action=reinterpret pc=0x000000000331d474 method=java.lang.ref.Reference.tryHandlePending(Z)Z @ 20

Internal exceptions (10 events):
Event: 31.906 Thread 0x000000001ad8a800 Exception <a 'java/lang/ClassNotFoundException': org/springframework/web/servlet/ViewCustomizer> (0x00000000f989eda0) thrown at [C:\re\workspace\8-2-build-windows-amd64-cygwin\jdk8u144\9417\hotspot\src\share\vm\classfile\systemDictionary.cpp, line 210]
Event: 31.907 Thread 0x000000001ad8a800 Exception <a 'java/lang/ClassNotFoundException': org/springframework/beans/factory/BeanNameAwareCustomizer> (0x00000000f98b9868) thrown at [C:\re\workspace\8-2-build-windows-amd64-cygwin\jdk8u144\9417\hotspot\src\share\vm\classfile\systemDictionary.cpp, l
Event: 31.909 Thread 0x000000001ad8a800 Exception <a 'java/lang/ClassNotFoundException': org/springframework/web/context/ServletContextAwareCustomizer> (0x00000000f98d3708) thrown at [C:\re\workspace\8-2-build-windows-amd64-cygwin\jdk8u144\9417\hotspot\src\share\vm\classfile\systemDictionary.cp
Event: 31.910 Thread 0x000000001ad8a800 Exception <a 'java/lang/ClassNotFoundException': org/springframework/context/ApplicationContextAwareCustomizer> (0x00000000f98ed4e0) thrown at [C:\re\workspace\8-2-build-windows-amd64-cygwin\jdk8u144\9417\hotspot\src\share\vm\classfile\systemDictionary.cp
Event: 33.785 Thread 0x000000001ad8d800 Exception <a 'java/io/IOException'> (0x00000000faed31d8) thrown at [C:\re\workspace\8-2-build-windows-amd64-cygwin\jdk8u144\9417\hotspot\src\share\vm\prims\jni.cpp, line 709]
Event: 33.914 Thread 0x000000001ad8f800 Exception <a 'java/io/IOException'> (0x00000000fac2abc8) thrown at [C:\re\workspace\8-2-build-windows-amd64-cygwin\jdk8u144\9417\hotspot\src\share\vm\prims\jni.cpp, line 709]
Event: 33.919 Thread 0x000000001ad8f800 Exception <a 'java/io/IOException'> (0x00000000fac51e30) thrown at [C:\re\workspace\8-2-build-windows-amd64-cygwin\jdk8u144\9417\hotspot\src\share\vm\prims\jni.cpp, line 709]
Event: 33.920 Thread 0x000000001ad8f800 Exception <a 'java/io/IOException'> (0x00000000fac52a58) thrown at [C:\re\workspace\8-2-build-windows-amd64-cygwin\jdk8u144\9417\hotspot\src\share\vm\prims\jni.cpp, line 709]
Event: 37.246 Thread 0x000000001ad8f800 Exception <a 'java/io/IOException'> (0x00000000f35d15b0) thrown at [C:\re\workspace\8-2-build-windows-amd64-cygwin\jdk8u144\9417\hotspot\src\share\vm\prims\jni.cpp, line 709]
Event: 37.246 Thread 0x000000001ad8f800 Exception <a 'java/io/IOException'> (0x00000000f35d2b50) thrown at [C:\re\workspace\8-2-build-windows-amd64-cygwin\jdk8u144\9417\hotspot\src\share\vm\prims\jni.cpp, line 709]

Events (10 events):
Event: 37.268 loading class com/fasterxml/jackson/annotation/JsonProperty$Access done
Event: 37.269 loading class com/fasterxml/jackson/databind/introspect/POJOPropertyBuilder$10
Event: 37.269 loading class com/fasterxml/jackson/databind/introspect/POJOPropertyBuilder$10 done
Event: 37.270 loading class com/fasterxml/jackson/databind/annotation/JsonNaming
Event: 37.270 loading class com/fasterxml/jackson/databind/annotation/JsonNaming done
Event: 37.271 Thread 0x00000000148f7800 flushing nmethod 0x000000000342f690
Event: 37.271 loading class com/fasterxml/jackson/annotation/JsonPropertyOrder
Event: 37.271 loading class com/fasterxml/jackson/annotation/JsonPropertyOrder done
Event: 37.272 loading class com/fasterxml/jackson/databind/ser/impl/PropertySerializerMap$SerializerAndMapResult
Event: 37.272 loading class com/fasterxml/jackson/databind/ser/impl/PropertySerializerMap$SerializerAndMapResult done


Dynamic libraries:
0x00007ff7f05c0000 - 0x00007ff7f05f7000 	C:\Program Files\Visual Paradigm 14.2\jre\bin\javaw.exe
0x00007ffcd1d80000 - 0x00007ffcd1f51000 	C:\Windows\SYSTEM32\ntdll.dll
0x00007ffccf450000 - 0x00007ffccf4fc000 	C:\Windows\System32\KERNEL32.DLL
0x00007ffcce4a0000 - 0x00007ffcce6bd000 	C:\Windows\System32\KERNELBASE.dll
0x00007ffccfd50000 - 0x00007ffccfdf2000 	C:\Windows\System32\ADVAPI32.dll
0x00007ffcd1ca0000 - 0x00007ffcd1d3e000 	C:\Windows\System32\msvcrt.dll
0x00007ffccf9a0000 - 0x00007ffccf9f9000 	C:\Windows\System32\sechost.dll
0x00007ffccf5a0000 - 0x00007ffccf6c1000 	C:\Windows\System32\RPCRT4.dll
0x00007ffcd1540000 - 0x00007ffcd16a5000 	C:\Windows\System32\USER32.dll
0x00007ffccef70000 - 0x00007ffccef8e000 	C:\Windows\System32\win32u.dll
0x00007ffcd1d40000 - 0x00007ffcd1d74000 	C:\Windows\System32\GDI32.dll
0x00007ffcce310000 - 0x00007ffcce491000 	C:\Windows\System32\gdi32full.dll
0x00007ffcc1af0000 - 0x00007ffcc1d6a000 	C:\Windows\WinSxS\amd64_microsoft.windows.common-controls_6595b64144ccf1df_6.0.14393.2273_none_7de240fc83403786\COMCTL32.dll
0x00007ffccf6d0000 - 0x00007ffccf998000 	C:\Windows\System32\combase.dll
0x00007ffccf000000 - 0x00007ffccf0f5000 	C:\Windows\System32\ucrtbase.dll
0x00007ffccef90000 - 0x00007ffcceffa000 	C:\Windows\System32\bcryptPrimitives.dll
0x00007ffccf3b0000 - 0x00007ffccf3de000 	C:\Windows\System32\IMM32.DLL
0x0000000056610000 - 0x00000000566e2000 	C:\Program Files\Visual Paradigm 14.2\jre\bin\msvcr100.dll
0x0000000055d70000 - 0x000000005660d000 	C:\Program Files\Visual Paradigm 14.2\jre\bin\server\jvm.dll
0x00007ffccf3e0000 - 0x00007ffccf3e8000 	C:\Windows\System32\PSAPI.DLL
0x00007ffcb24b0000 - 0x00007ffcb24b9000 	C:\Windows\SYSTEM32\WSOCK32.dll
0x00007ffccfce0000 - 0x00007ffccfd4a000 	C:\Windows\System32\WS2_32.dll
0x00007ffccc610000 - 0x00007ffccc633000 	C:\Windows\SYSTEM32\WINMM.dll
0x00007ffcc9ea0000 - 0x00007ffcc9eaa000 	C:\Windows\SYSTEM32\VERSION.dll
0x00007ffccc5b0000 - 0x00007ffccc5db000 	C:\Windows\SYSTEM32\WINMMBASE.dll
0x00007ffccf2c0000 - 0x00007ffccf302000 	C:\Windows\System32\cfgmgr32.dll
0x0000000055d60000 - 0x0000000055d6f000 	C:\Program Files\Visual Paradigm 14.2\jre\bin\verify.dll
0x0000000055d30000 - 0x0000000055d59000 	C:\Program Files\Visual Paradigm 14.2\jre\bin\java.dll
0x0000000055d10000 - 0x0000000055d26000 	C:\Program Files\Visual Paradigm 14.2\jre\bin\zip.dll
0x00007ffccffd0000 - 0x00007ffcd14d5000 	C:\Windows\System32\SHELL32.dll
0x00007ffcce890000 - 0x00007ffccef69000 	C:\Windows\System32\windows.storage.dll
0x00007ffcce200000 - 0x00007ffcce24c000 	C:\Windows\System32\powrprof.dll
0x00007ffccf3f0000 - 0x00007ffccf442000 	C:\Windows\System32\shlwapi.dll
0x00007ffcce1e0000 - 0x00007ffcce1ef000 	C:\Windows\System32\kernel.appcore.dll
0x00007ffccf210000 - 0x00007ffccf2b9000 	C:\Windows\System32\shcore.dll
0x00007ffcce250000 - 0x00007ffcce264000 	C:\Windows\System32\profapi.dll
0x0000000055d00000 - 0x0000000055d0d000 	C:\Program Files\Visual Paradigm 14.2\jre\bin\management.dll
0x0000000055ce0000 - 0x0000000055cfa000 	C:\Program Files\Visual Paradigm 14.2\jre\bin\net.dll
0x00007ffccdab0000 - 0x00007ffccdb0c000 	C:\Windows\system32\mswsock.dll
0x00007ffcb0540000 - 0x00007ffcb0556000 	C:\Windows\system32\napinsp.dll
0x00007ffcb6e80000 - 0x00007ffcb6e9a000 	C:\Windows\system32\pnrpnsp.dll
0x00007ffccbe30000 - 0x00007ffccbe48000 	C:\Windows\system32\NLAapi.dll
0x00007ffccd870000 - 0x00007ffccd911000 	C:\Windows\SYSTEM32\DNSAPI.dll
0x00007ffccf560000 - 0x00007ffccf568000 	C:\Windows\System32\NSI.dll
0x00007ffccd830000 - 0x00007ffccd868000 	C:\Windows\SYSTEM32\IPHLPAPI.DLL
0x00007ffcb6ef0000 - 0x00007ffcb6efe000 	C:\Windows\System32\winrnr.dll
0x00007ffcb6ea0000 - 0x00007ffcb6eb5000 	C:\Windows\System32\wshbth.dll
0x00007ffcc08f0000 - 0x00007ffcc08fa000 	C:\Windows\System32\rasadhlp.dll
0x00007ffcc67b0000 - 0x00007ffcc681a000 	C:\Windows\System32\fwpuclnt.dll
0x00007ffcce120000 - 0x00007ffcce14b000 	C:\Windows\SYSTEM32\bcrypt.dll
0x0000000055cc0000 - 0x0000000055cd1000 	C:\Program Files\Visual Paradigm 14.2\jre\bin\nio.dll
0x00007ffccdc50000 - 0x00007ffccdc67000 	C:\Windows\SYSTEM32\CRYPTSP.dll
0x00007ffccd6b0000 - 0x00007ffccd6e3000 	C:\Windows\system32\rsaenh.dll
0x00007ffccd930000 - 0x00007ffccd94f000 	C:\Windows\SYSTEM32\USERENV.dll
0x00007ffccdc70000 - 0x00007ffccdc7b000 	C:\Windows\SYSTEM32\CRYPTBASE.dll
0x00007ffcc6cc0000 - 0x00007ffcc6cd6000 	C:\Windows\SYSTEM32\dhcpcsvc6.DLL
0x00007ffcc8330000 - 0x00007ffcc834a000 	C:\Windows\SYSTEM32\dhcpcsvc.DLL

VM Arguments:
jvm_args: -Dfile.encoding=UTF-8 
java_command: com.example.DemoApplication
java_class_path (initial): C:\Program Files\Visual Paradigm 14.2\jre\lib\resources.jar;C:\Program Files\Visual Paradigm 14.2\jre\lib\rt.jar;C:\Program Files\Visual Paradigm 14.2\jre\lib\jsse.jar;C:\Program Files\Visual Paradigm 14.2\jre\lib\jce.jar;C:\Program Files\Visual Paradigm 14.2\jre\lib\charsets.jar;C:\Program Files\Visual Paradigm 14.2\jre\lib\jfr.jar;C:\Program Files\Visual Paradigm 14.2\jre\lib\ext\access-bridge-64.jar;C:\Program Files\Visual Paradigm 14.2\jre\lib\ext\cldrdata.jar;C:\Program Files\Visual Paradigm 14.2\jre\lib\ext\dnsns.jar;C:\Program Files\Visual Paradigm 14.2\jre\lib\ext\jaccess.jar;C:\Program Files\Visual Paradigm 14.2\jre\lib\ext\jfxrt.jar;C:\Program Files\Visual Paradigm 14.2\jre\lib\ext\localedata.jar;C:\Program Files\Visual Paradigm 14.2\jre\lib\ext\nashorn.jar;C:\Program Files\Visual Paradigm 14.2\jre\lib\ext\sunec.jar;C:\Program Files\Visual Paradigm 14.2\jre\lib\ext\sunjce_provider.jar;C:\Program Files\Visual Paradigm 14.2\jre\lib\ext\sunmscapi.jar;C:\Program Files\Visual Paradigm 14.2\jre\lib\ext\sunpkcs11.jar;C:\Program Files\Visual Paradigm 14.2\jre\lib\ext\zipfs.jar;C:\Users\Admin\Documents\workspace-sts-3.9.2.RELEASE\Aplikacjatmp\target\classes;C:\Users\Admin\.m2\repository\org\springframework\boot\spring-boot-starter-data-jpa\1.5.14.BUILD-SNAPSHOT\spring-boot-starter-data-jpa-1.5.14.BUILD-SNAPSHOT.jar;C:\Users\Admin\.m2\repository\org\springframework\boot\spring-boot-starter\1.5.14.BUILD-SNAPSHOT\spring-boot-starter-1.5.14.BUILD-SNAPSHOT.jar;C:\Users\Admin\.m2\repository\org\springframework\boot\spring-boot\1.5.14.BUILD-SNAPSHOT\spring-boot-1.5.14.BUILD-SNAPSHOT.jar;C:\Users\Admin\.m2\repository\org\springframework\boot\spring-boot-autoconfigure\1.5.14.BUILD-SNAPSHOT\spring-boot-autoconfigure-1.5.14.BUILD-SNAPSHOT.jar;C:\Users\Admin\.m2\repository\org\springframework\boot\spring-boot-starter-logging\1.5.14.BUILD-SNAPSHOT\spring-boot-starter-logging-1.5.14.BUILD-SNAPSHOT.jar;C:\Users\Admin\.m2\repository\ch\qos\logback\logb
Launcher Type: SUN_STANDARD

Environment Variables:
JAVA_HOME=C:\Program Files (x86)\Java\jdk1.8.0_172
PATH=C:/Program Files/Java/jre1.8.0_161/bin/server;C:/Program Files/Java/jre1.8.0_161/bin;C:/Program Files/Java/jre1.8.0_161/lib/amd64;C:\Program Files\Microsoft MPI\Bin\;C:\app\andrzejkierepka\product\12.2.0\dbhome_1\bin;C:\ProgramData\Oracle\Java\javapath;C:\Windows\system32;C:\Windows;C:\Windows\System32\Wbem;C:\Windows\System32\WindowsPowerShell\v1.0\;C:\Program Files (x86)\ATI Technologies\ATI.ACE\Core-Static;C:\Program Files\Java\jdk1.8.0_121\bin;C:\Program Files\Microsoft SQL Server\120\Tools\Binn\;C:\Program Files\Microsoft SQL Server\130\Tools\Binn\;C:\Program Files (x86)\Inno Setup 5;C:\Program Files\SlikSvn\bin;C:\Program Files\dotnet\;C:\Users\Admin\AppData\Local\Android\Sdk;C:\Program Files\Git\cmd;C:\Program Files (x86)\Microsoft SQL Server\90\Tools\binn\;C:\Program Files\Microsoft SQL Server\Client SDK\ODBC\110\Tools\Binn\;C:\Program Files (x86)\Microsoft SQL Server\120\Tools\Binn\;C:\Program Files\Microsoft SQL Server\120\DTS\Binn\;C:\Program Files (x86)\Microsoft SQL Server\120\Tools\Binn\ManagementStudio\;C:\Program Files (x86)\Microsoft SQL Server\120\DTS\Binn\;C:\Users\Admin\AppData\Local\Microsoft\WindowsApps;C:\Maven\apache-maven-3.5.0\bin;C:\Users\Admin\AppData\Local\Android\Sdk;C:\Program Files\Java\jre-9.0.1\bin;C:\STS\sts-bundle\sts-3.9.4.RELEASE;
USERNAME=Admin
OS=Windows_NT
PROCESSOR_IDENTIFIER=Intel64 Family 6 Model 42 Stepping 7, GenuineIntel



---------------  S Y S T E M  ---------------

OS: Windows 10.0 , 64 bit Build 14393 (10.0.14393.2214)

CPU:total 4 (initial active 4) (2 cores per cpu, 2 threads per core) family 6 model 42 stepping 7, cmov, cx8, fxsr, mmx, sse, sse2, sse3, ssse3, sse4.1, sse4.2, popcnt, avx, clmul, ht, tsc, tscinvbit

Memory: 4k page, physical 2570092k(313800k free), swap 7219080k(3496k free)

vm_info: Java HotSpot(TM) 64-Bit Server VM (25.144-b01) for windows-amd64 JRE (1.8.0_144-b01), built on Jul 21 2017 21:57:33 by "java_re" with MS VC++ 10.0 (VS2010)

time: Sun Jul 01 19:54:13 2018
elapsed time: 37 seconds (0d 0h 0m 37s)

